npm warn Unknown env config "build-from-source". This will stop working in the next major version of npm.
npm error code 7
npm error path /Users/mistlight/Projects/Experiments/HackerDojoGrantApp/node_modules/.pnpm/better-sqlite3@12.10.0/node_modules/better-sqlite3
npm error command failed
npm error command sh -c prebuild-install || node-gyp rebuild --release
npm error TOUCH 4292fa9a667d77b27488aa109b010a85bce8e4e7a1c7aa0370cea902395c3866.intermediate
npm error   ACTION deps_sqlite3_gyp_locate_sqlite3_target_copy_builtin_sqlite3 4292fa9a667d77b27488aa109b010a85bce8e4e7a1c7aa0370cea902395c3866.intermediate
npm error   TOUCH Release/obj.target/deps/locate_sqlite3.stamp
npm error   CC(target) Release/obj.target/sqlite3/gen/sqlite3/sqlite3.o
npm error   LIBTOOL-STATIC Release/sqlite3.a
npm error   CXX(target) Release/obj.target/better_sqlite3/src/better_sqlite3.o
npm error   SOLINK_MODULE(target) Release/better_sqlite3.node
npm error   CC(target) Release/obj.target/test_extension/deps/test_extension.o
npm error   SOLINK_MODULE(target) Release/test_extension.node
npm error rm 4292fa9a667d77b27488aa109b010a85bce8e4e7a1c7aa0370cea902395c3866.intermediate
npm error gyp info it worked if it ends with ok
npm error gyp info using node-gyp@12.3.0
npm error gyp info using node@24.12.0 | darwin | arm64
npm error gyp info find Python using Python version 3.9.6 found at "/Users/mistlight/Projects/Experiments/HackerDojoGrantApp/node_modules/.pnpm/better-sqlite3@12.10.0/node_modules/better-sqlite3/node_modules/.bin/python3"
npm error gyp info spawn /Users/mistlight/Projects/Experiments/HackerDojoGrantApp/node_modules/.pnpm/better-sqlite3@12.10.0/node_modules/better-sqlite3/node_modules/.bin/python3
npm error gyp info spawn args [
npm error gyp info spawn args '/Users/mistlight/Projects/Experiments/HackerDojoGrantApp/node_modules/.pnpm/node-gyp@12.3.0/node_modules/node-gyp/gyp/gyp_main.py',
npm error gyp info spawn args 'binding.gyp',
npm error gyp info spawn args '-f',
npm error gyp info spawn args 'make',
npm error gyp info spawn args '-I',
npm error gyp info spawn args '/Users/mistlight/Projects/Experiments/HackerDojoGrantApp/node_modules/.pnpm/better-sqlite3@12.10.0/node_modules/better-sqlite3/build/config.gypi',
npm error gyp info spawn args '-I',
npm error gyp info spawn args '/Users/mistlight/Projects/Experiments/HackerDojoGrantApp/node_modules/.pnpm/node-gyp@12.3.0/node_modules/node-gyp/addon.gypi',
npm error gyp info spawn args '-I',
npm error gyp info spawn args '/Users/mistlight/Library/Caches/node-gyp/24.12.0/include/node/common.gypi',
npm error gyp info spawn args '-Dlibrary=shared_library',
npm error gyp info spawn args '-Dvisibility=default',
npm error gyp info spawn args '-Dnode_root_dir=/Users/mistlight/Library/Caches/node-gyp/24.12.0',
npm error gyp info spawn args '-Dnode_gyp_dir=/Users/mistlight/Projects/Experiments/HackerDojoGrantApp/node_modules/.pnpm/node-gyp@12.3.0/node_modules/node-gyp',
npm error gyp info spawn args '-Dnode_lib_file=/Users/mistlight/Library/Caches/node-gyp/24.12.0/<(target_arch)/node.lib',
npm error gyp info spawn args '-Dmodule_root_dir=/Users/mistlight/Projects/Experiments/HackerDojoGrantApp/node_modules/.pnpm/better-sqlite3@12.10.0/node_modules/better-sqlite3',
npm error gyp info spawn args '-Dnode_engine=v8',
npm error gyp info spawn args '--depth=.',
npm error gyp info spawn args '--no-parallel',
npm error gyp info spawn args '--generator-output',
npm error gyp info spawn args 'build',
npm error gyp info spawn args '-Goutput_dir=.'
npm error gyp info spawn args ]
npm error gyp info spawn make
npm error gyp info spawn args [ 'BUILDTYPE=Release', '-C', 'build' ]
npm error ../src/better_sqlite3.cpp:48:1: warning: cast from 'void (*)(v8::Local<v8::Object>, v8::Local<v8::Value>, v8::Local<v8::Context>)' to 'node::addon_context_register_func' (aka 'void (*)(v8::Local<v8::Object>, v8::Local<v8::Value>, v8::Local<v8::Context>, void *)') converts to incompatible function type [-Wcast-function-type-mismatch]
npm error    48 | NODE_MODULE_INIT(/* exports, context */) {
npm error       | ^~~~~~~~~~~~~~~~~~~~~~~~~~~~~~~~~~~~~~~~
npm error /Users/mistlight/Library/Caches/node-gyp/24.12.0/include/node/node.h:1347:3: note: expanded from macro 'NODE_MODULE_INIT'
npm error  1347 |   NODE_MODULE_CONTEXT_AWARE(NODE_GYP_MODULE_NAME,                     \
npm error       |   ^~~~~~~~~~~~~~~~~~~~~~~~~~~~~~~~~~~~~~~~~~~~~~~~~~~~~~~~~~~~~~~~~~~~~
npm error  1348 |                             NODE_MODULE_INITIALIZER)                  \
npm error       |                             ~~~~~~~~~~~~~~~~~~~~~~~~
npm error /Users/mistlight/Library/Caches/node-gyp/24.12.0/include/node/node.h:1316:3: note: expanded from macro 'NODE_MODULE_CONTEXT_AWARE'
npm error  1316 |   NODE_MODULE_CONTEXT_AWARE_X(modname, regfunc, NULL, 0)
npm error       |   ^~~~~~~~~~~~~~~~~~~~~~~~~~~~~~~~~~~~~~~~~~~~~~~~~~~~~~
npm error /Users/mistlight/Library/Caches/node-gyp/24.12.0/include/node/node.h:1298:7: note: expanded from macro 'NODE_MODULE_CONTEXT_AWARE_X'
npm error  1298 |       (node::addon_context_register_func) (regfunc),                  \
npm error       |       ^~~~~~~~~~~~~~~~~~~~~~~~~~~~~~~~~~~~~~~~~~~~~
npm error 1 warning generated.
npm error gyp ERR! UNCAUGHT EXCEPTION 
npm error gyp ERR! stack Error: ENOENT: no such file or directory, lstat '/Users/mistlight/Projects/Experiments/HackerDojoGrantApp/node_modules/.pnpm/better-sqlite3@12.10.0/node_modules/better-sqlite3/build/node_gyp_bins'
npm error gyp ERR! System Darwin 24.6.0
npm error gyp ERR! command "/Users/mistlight/.nvm/versions/node/v24.12.0/bin/node" "/Users/mistlight/Projects/Experiments/HackerDojoGrantApp/node_modules/node-gyp/bin/node-gyp.js" "rebuild" "--release"
npm error gyp ERR! cwd /Users/mistlight/Projects/Experiments/HackerDojoGrantApp/node_modules/.pnpm/better-sqlite3@12.10.0/node_modules/better-sqlite3
npm error gyp ERR! node -v v24.12.0
npm error gyp ERR! node-gyp -v v12.3.0
npm error gyp ERR! $npm_package_name better-sqlite3
npm error gyp ERR! $npm_package_version 12.10.0
npm error gyp ERR! Node-gyp failed to build your package.
npm error gyp ERR! Try to update npm and/or node-gyp and if it does not help file an issue with the package author.
npm error A complete log of this run can be found in: /Users/mistlight/.npm/_logs/2026-05-24T07_10_21_297Z-debug-0.log
