[ensure-better-sqlite3] rebuilding better-sqlite3 for v24.12.0
rebuilt dependencies successfully
   ▲ Next.js 15.5.18
   - Local:        http://localhost:3000
   - Network:      http://10.43.10.15:3000

 ✓ Starting...
 ✓ Ready in 1056ms
(node:56255) [DEP0005] DeprecationWarning: Buffer() is deprecated due to security and usability issues. Please use the Buffer.alloc(), Buffer.allocUnsafe(), or Buffer.from() methods instead.
(Use `node --trace-deprecation ...` to show where the warning was created)
Error generating draft: SyntaxError: Unexpected end of JSON input
    at JSON.parse (<anonymous>)
Error generating draft: Error: Draft generation failed: Unknown error from Opencode
    at Object.f (.next/server/chunks/535.js:4:159)
    at async z (.next/server/app/api/grants/[grantId]/draft/route.js:1:1689)
    at async k (.next/server/app/api/grants/[grantId]/draft/route.js:1:4645)
    at async g (.next/server/app/api/grants/[grantId]/draft/route.js:1:5648)
    at async F (.next/server/app/api/grants/[grantId]/draft/route.js:1:6770)
Error generating draft: SyntaxError: Unexpected end of JSON input
    at JSON.parse (<anonymous>)
Error generating draft: SyntaxError: Unexpected end of JSON input
    at JSON.parse (<anonymous>)
