[    1083ms] [ERROR] Failed to load resource: the server responded with a status of 404 (Not Found) @ https://www.autodesk.org/grants:0
[    1133ms] [LOG] Duplicate agent injection detected, turning off redundant initConfig. @ https://www.autodesk.org/grants:90
[    1134ms] [LOG] InitConfig not found or agent already initialized! This is an injection issue. @ https://www.autodesk.org/grants:134
[    1610ms] [LOG] target data provider called @ https://tags.tiqcdn.com/utag/autodesk/lib-target/prod/utag.sync.js:60
[    1642ms] [LOG] Duplicate agent injection detected, turning off redundant asyncCore. @ https://www.autodesk.org/ruxitagentjs_A7NVfghqrux_10337260504112723.js:198
[    1643ms] [LOG] WARNING: Module "7" already enabled! @ https://www.autodesk.org/ruxitagentjs_A7NVfghqrux_10337260504112723.js:43
[    1643ms] [LOG] WARNING: Module "N" already enabled! @ https://www.autodesk.org/ruxitagentjs_A7NVfghqrux_10337260504112723.js:43
[    1644ms] [LOG] WARNING: Module "V" already enabled! @ https://www.autodesk.org/ruxitagentjs_A7NVfghqrux_10337260504112723.js:43
[    1644ms] [LOG] WARNING: Module "f" already enabled! @ https://www.autodesk.org/ruxitagentjs_A7NVfghqrux_10337260504112723.js:43
[    1645ms] [LOG] WARNING: Module "g" already enabled! @ https://www.autodesk.org/ruxitagentjs_A7NVfghqrux_10337260504112723.js:43
[    1645ms] [LOG] WARNING: Module "h" already enabled! @ https://www.autodesk.org/ruxitagentjs_A7NVfghqrux_10337260504112723.js:43
[    1645ms] [LOG] WARNING: Module "q" already enabled! @ https://www.autodesk.org/ruxitagentjs_A7NVfghqrux_10337260504112723.js:43
[    1646ms] [LOG] WARNING: Module "r" already enabled! @ https://www.autodesk.org/ruxitagentjs_A7NVfghqrux_10337260504112723.js:43
[    1646ms] [LOG] WARNING: Module "u" already enabled! @ https://www.autodesk.org/ruxitagentjs_A7NVfghqrux_10337260504112723.js:43
[    1647ms] [LOG] WARNING: Module "x" already enabled! @ https://www.autodesk.org/ruxitagentjs_A7NVfghqrux_10337260504112723.js:43
[    1700ms] [INFO] Universal Header Version: 1.0.45 @ https://swc.autodesk.com/web-mfe/universal-header/v1/app.js:0
[    2129ms] [LOG] SWC script loaded @ https://swc.autodesk.com/web-aem/qa-automation/templates/script.js:0
[    2264ms] [LOG] Entered custom action 7 for cjs-initializing at 1779611108721 on https://www.autodesk.org/grants @ https://static-dc.autodesk.net/etc.clientlibs/v605.20260407.654/dotcom/clientlibs/clientlib-site.min.js:1
[    2277ms] [LOG] Exited custom action 7 at 1779611108732 @ https://static-dc.autodesk.net/etc.clientlibs/v605.20260407.654/dotcom/clientlibs/clientlib-site.min.js:1
[    2371ms] [LOG] tag max count: 0 @ https://www.autodesk.org/etc/cloudsettings.kernel.js/conf/autodesk/settings/cloudsettings/contexthub:344
[    2371ms] [LOG] tag max count: 0 @ https://www.autodesk.org/etc/cloudsettings.kernel.js/conf/autodesk/settings/cloudsettings/contexthub:344
[    2371ms] [LOG] tag max count: 0 @ https://www.autodesk.org/etc/cloudsettings.kernel.js/conf/autodesk/settings/cloudsettings/contexthub:344
[    2382ms] [ERROR] Failed to load resource: the server responded with a status of 403 () @ https://www.autodesk.org/rb_bf86358stq?type=js3&sn=v_4_srv_1_sn_B9C6D9C9564BCDD98B036A37C20C4D33_perc_100000_ol_0_mul_1_app-3A5e4183b07b9fbcb4_1&svrid=1&flavor=post&vi=KVKAOMALGGPAGMEHCUAPKTRRHPDKANBM-0&contentType=event&modifiedSince=1779108119404&bp=3&app=5e4183b07b9fbcb4&v=10337260504112724&st=1779611108730&crc=1330763806&en=qa4lllk7&end=1:0
[    2383ms] [ERROR] Failed to load resource: the server responded with a status of 403 () @ https://www.autodesk.org/rb_bf86358stq?type=js3&sn=v_4_srv_1_sn_B9C6D9C9564BCDD98B036A37C20C4D33_perc_100000_ol_0_mul_1_app-3A5e4183b07b9fbcb4_1&svrid=1&flavor=post&vi=KVKAOMALGGPAGMEHCUAPKTRRHPDKANBM-0&modifiedSince=1779108119404&bp=3&app=5e4183b07b9fbcb4&crc=2590191727&en=qa4lllk7&end=1:0
[    2856ms] [ERROR] UHM: Starting iframe load process at 0-5 seconds, exact:2.70 seconds (FullStory segment - not error) @ https://app.digital-help-prd.autodesk.com/universal-help/current/uhm-prd.min.js:0
[    2889ms] [ERROR] Failed to load resource: the server responded with a status of 403 () @ https://www.autodesk.org/rb_bf86358stq?type=js3&sn=v_4_srv_1_sn_B9C6D9C9564BCDD98B036A37C20C4D33_perc_100000_ol_0_mul_1_app-3A5e4183b07b9fbcb4_1&svrid=1&flavor=post&vi=KVKAOMALGGPAGMEHCUAPKTRRHPDKANBM-0&modifiedSince=1779108119404&bp=3&app=5e4183b07b9fbcb4&crc=774131438&en=qa4lllk7&end=1:0
[    2890ms] [ERROR] Failed to load resource: the server responded with a status of 403 () @ https://www.autodesk.org/rb_bf86358stq?type=js3&sn=v_4_srv_1_sn_B9C6D9C9564BCDD98B036A37C20C4D33_perc_100000_ol_0_mul_1_app-3A5e4183b07b9fbcb4_1&svrid=1&flavor=post&vi=KVKAOMALGGPAGMEHCUAPKTRRHPDKANBM-0&modifiedSince=1779108119404&bp=3&app=5e4183b07b9fbcb4&crc=2974467928&en=qa4lllk7&end=1:0
[    2917ms] [ERROR] Failed to load resource: the server responded with a status of 403 () @ https://www.autodesk.org/rb_bf86358stq?type=js3&sn=v_4_srv_1_sn_B9C6D9C9564BCDD98B036A37C20C4D33_perc_100000_ol_0_mul_1_app-3A5e4183b07b9fbcb4_1&svrid=1&flavor=post&vi=KVKAOMALGGPAGMEHCUAPKTRRHPDKANBM-0&modifiedSince=1779108119404&bp=3&app=5e4183b07b9fbcb4&crc=544874620&en=qa4lllk7&end=1:0
[    5860ms] [WARNING] Consent check failed: Error: Consent timeout
    at https://app.digital-help-prd.autodesk.com/universal-help/current/uhm-prd.min.js:1:16916 @ https://app.digital-help-prd.autodesk.com/universal-help/current/uhm-prd.min.js:0
[    5864ms] [INFO] UHM: Estimated request header size: 2815 bytes @ https://app.digital-help-prd.autodesk.com/universal-help/current/uhm-prd.min.js:0
[    5864ms] [INFO] UHM: 30-second load timeout initiated @ https://app.digital-help-prd.autodesk.com/universal-help/current/uhm-prd.min.js:0
[    6666ms] Error: Not Allowed
    at c (https://signin.autodesk.com/static/js/webSdkIframe.c0705a0e.js:1:787)
    at https://signin.autodesk.com/static/js/webSdkIframe.c0705a0e.js:1:943
    at https://signin.autodesk.com/static/js/webSdkIframe.c0705a0e.js:1:2265
[    6539ms] [LOG] Web SDK - IDP iframe page load @ https://signin.autodesk.com/static/js/webSdkIframe.c0705a0e.js:0
[    6726ms] [WARNING] document.domain mutation is ignored because the surrounding agent cluster is origin-keyed. @ https://stg.app.ua.autodesk.com/universal-assistant/current/index.html?uhmParentUrl=https%3A%2F%2Fwww.autodesk.org%2Fgrants&uhmParentDomain=https%3A%2F%2Fwww.autodesk.org&parentParams=&uhmParentReferrer=&language=en_US&product=generic&useCFPAuth=false&analyticsLogging=false&allowImproveExperience=false&mcvisid=27742519245463969652933466995183962803:0
[    7233ms] [LOG] Storage stats before cleanup: {totalKeys: 2, uaRootKeys: 0, expKeys: 0, otherKeys: 2, storageSize: 64} @ https://stg.app.ua.autodesk.com/universal-assistant/current/static/js/1545.b4519688.chunk.js:0
[    7234ms] [LOG] === Debug Storage Keys === @ https://stg.app.ua.autodesk.com/universal-assistant/current/static/js/1545.b4519688.chunk.js:0
[    7234ms] [LOG] Current version: "0.48.402" @ https://stg.app.ua.autodesk.com/universal-assistant/current/static/js/1545.b4519688.chunk.js:0
[    7234ms] [LOG] UA Root Keys: [] @ https://stg.app.ua.autodesk.com/universal-assistant/current/static/js/1545.b4519688.chunk.js:0
[    7234ms] [LOG] Exp Keys: [] @ https://stg.app.ua.autodesk.com/universal-assistant/current/static/js/1545.b4519688.chunk.js:0
[    7234ms] [LOG] Other Keys (2): [loglevel, assistantFlowId] @ https://stg.app.ua.autodesk.com/universal-assistant/current/static/js/1545.b4519688.chunk.js:0
[    7234ms] [LOG] [STORAGE-CLEANUP] Starting cleanup for current version: "0.48.402" @ https://stg.app.ua.autodesk.com/universal-assistant/current/static/js/1545.b4519688.chunk.js:0
[    7234ms] [LOG] [STORAGE-CLEANUP] Checking for expired entries... @ https://stg.app.ua.autodesk.com/universal-assistant/current/static/js/1545.b4519688.chunk.js:0
[    7956ms] [LOG] Sites config response not 200 Response @ https://stg.app.ua.autodesk.com/universal-assistant/current/static/js/main.42d5b6a6.js:1
[    9643ms] [ERROR] Failed to load resource: the server responded with a status of 403 () @ https://www.autodesk.org/rb_bf86358stq?type=js3&sn=v_4_srv_1_sn_B9C6D9C9564BCDD98B036A37C20C4D33_perc_100000_ol_0_mul_1_app-3A5e4183b07b9fbcb4_1&svrid=1&flavor=post&vi=KVKAOMALGGPAGMEHCUAPKTRRHPDKANBM-0&modifiedSince=1779108119404&bp=3&app=5e4183b07b9fbcb4&crc=1801032954&en=qa4lllk7&end=1:0
[    6726ms] [WARNING] document.domain mutation is ignored because the surrounding agent cluster is origin-keyed. @ https://stg.app.ua.autodesk.com/universal-assistant/current/index.html?uhmParentUrl=https%3A%2F%2Fwww.autodesk.org%2Fgrants&uhmParentDomain=https%3A%2F%2Fwww.autodesk.org&parentParams=&uhmParentReferrer=&language=en_US&product=generic&useCFPAuth=false&analyticsLogging=false&allowImproveExperience=false&mcvisid=27742519245463969652933466995183962803:0
[   10454ms] [WARNING] The resource https://www.autodesk.org/content/promotions/data/en-US/promo.json was preloaded using link preload but not used within a few seconds from the window's load event. Please make sure it has an appropriate `as` value and it is preloaded intentionally. @ https://www.autodesk.org/grants:0
[   11659ms] [ERROR] Failed to load resource: the server responded with a status of 403 () @ https://www.autodesk.org/rb_bf86358stq?type=js3&sn=v_4_srv_1_sn_B9C6D9C9564BCDD98B036A37C20C4D33_perc_100000_ol_0_mul_1_app-3A5e4183b07b9fbcb4_1&svrid=1&flavor=post&vi=KVKAOMALGGPAGMEHCUAPKTRRHPDKANBM-0&modifiedSince=1779108119404&bp=3&app=5e4183b07b9fbcb4&crc=1958347785&en=qa4lllk7&end=1:0
[   11678ms] [ERROR] Failed to load resource: the server responded with a status of 403 () @ https://www.autodesk.org/rb_bf86358stq?type=js3&sn=v_4_srv_1_sn_B9C6D9C9564BCDD98B036A37C20C4D33_perc_100000_ol_0_mul_1_app-3A5e4183b07b9fbcb4_1&svrid=1&flavor=post&vi=KVKAOMALGGPAGMEHCUAPKTRRHPDKANBM-0&modifiedSince=1779108119404&bp=3&app=5e4183b07b9fbcb4&crc=3658508439&en=qa4lllk7&end=1:0
[   14728ms] [WARNING] The resource https://www.autodesk.org/content/promotions/data/en-US/promo.json was preloaded using link preload but not used within a few seconds from the window's load event. Please make sure it has an appropriate `as` value and it is preloaded intentionally. @ https://www.autodesk.org/grants:0
[   24732ms] [WARNING] The resource https://www.autodesk.org/content/promotions/data/en-US/promo.json was preloaded using link preload but not used within a few seconds from the window's load event. Please make sure it has an appropriate `as` value and it is preloaded intentionally. @ https://www.autodesk.org/grants:0
[   31940ms] Uncaught SecurityError: Failed to read a named property 'href' from 'Location': Blocked a frame with origin "https://www.autodesk.org" from accessing a frame with origin "https://signin.autodesk.com". Protocols, domains, and ports must match.
    at <anonymous> (https://prd-cfp.autodesk.com/cfp-runtime/current/main.js:15:113913)
[   31831ms] [ERROR] Error: TIMEOUT_ERROR
    at https://prd-cfp.autodesk.com/cfp-runtime/current/main.js:16:113826 @ https://prd-cfp.autodesk.com/cfp-runtime/current/main.js:15
[   31832ms] [LOG] Error occurred- error:undefined error_description:undefined @ https://prd-cfp.autodesk.com/cfp-runtime/current/main.js:15
[   31868ms] [ERROR] Failed to load resource: the server responded with a status of 403 () @ https://www.autodesk.org/rb_bf86358stq?type=js3&sn=v_4_srv_1_sn_B9C6D9C9564BCDD98B036A37C20C4D33_perc_100000_ol_0_mul_1_app-3A5e4183b07b9fbcb4_1&svrid=1&flavor=post&vi=KVKAOMALGGPAGMEHCUAPKTRRHPDKANBM-0&modifiedSince=1779108119404&bp=3&app=5e4183b07b9fbcb4&crc=3609267848&en=qa4lllk7&end=1:0
[   31951ms] [ERROR] Failed to load resource: the server responded with a status of 403 () @ https://www.autodesk.org/rb_bf86358stq?type=js3&sn=v_4_srv_1_sn_B9C6D9C9564BCDD98B036A37C20C4D33_perc_100000_ol_0_mul_1_app-3A5e4183b07b9fbcb4_1&svrid=1&flavor=post&vi=KVKAOMALGGPAGMEHCUAPKTRRHPDKANBM-0&modifiedSince=1779108119404&bp=3&app=5e4183b07b9fbcb4&crc=3565148476&en=qa4lllk7&end=1:0
[   32394ms] [ERROR] Failed to load resource: the server responded with a status of 403 () @ https://www.autodesk.org/rb_bf86358stq?type=js3&sn=v_4_srv_1_sn_B9C6D9C9564BCDD98B036A37C20C4D33_perc_100000_ol_0_mul_1_app-3A5e4183b07b9fbcb4_1&svrid=1&flavor=post&vi=KVKAOMALGGPAGMEHCUAPKTRRHPDKANBM-0&modifiedSince=1779108119404&bp=3&app=5e4183b07b9fbcb4&crc=2375435761&en=qa4lllk7&end=1:0
[   32411ms] [ERROR] Failed to load resource: the server responded with a status of 403 () @ https://www.autodesk.org/rb_bf86358stq?type=js3&sn=v_4_srv_1_sn_B9C6D9C9564BCDD98B036A37C20C4D33_perc_100000_ol_0_mul_1_app-3A5e4183b07b9fbcb4_1&svrid=1&flavor=post&vi=KVKAOMALGGPAGMEHCUAPKTRRHPDKANBM-0&modifiedSince=1779108119404&bp=3&app=5e4183b07b9fbcb4&crc=3459690160&en=qa4lllk7&end=1:0
[   32419ms] [ERROR] Failed to load resource: the server responded with a status of 403 () @ https://www.autodesk.org/rb_bf86358stq?type=js3&sn=v_4_srv_1_sn_B9C6D9C9564BCDD98B036A37C20C4D33_perc_100000_ol_0_mul_1_app-3A5e4183b07b9fbcb4_1&svrid=1&flavor=post&vi=KVKAOMALGGPAGMEHCUAPKTRRHPDKANBM-0&modifiedSince=1779108119404&bp=3&app=5e4183b07b9fbcb4&crc=1407271658&en=qa4lllk7&end=1:0
[   32419ms] [ERROR] Failed to load resource: the server responded with a status of 403 () @ https://www.autodesk.org/rb_bf86358stq?type=js3&sn=v_4_srv_1_sn_B9C6D9C9564BCDD98B036A37C20C4D33_perc_100000_ol_0_mul_1_app-3A5e4183b07b9fbcb4_1&svrid=1&flavor=post&vi=KVKAOMALGGPAGMEHCUAPKTRRHPDKANBM-0&modifiedSince=1779108119404&bp=3&app=5e4183b07b9fbcb4&crc=925888526&en=qa4lllk7&end=1:0
[   35866ms] [ERROR] UHM: Iframe failed to load within 30 seconds. Time elapsed: 33012.30 ms @ https://app.digital-help-prd.autodesk.com/universal-help/current/uhm-prd.min.js:0
[   35868ms] [LOG] Wrong argument types in method. Please check the documentation to fix that @ https://www.autodesk.org/ruxitagentjs_A7NVfghqrux_10337260504112723.js:106
[   35868ms] [ERROR] [Dynatrace] UHM_IFRAME_LOAD_TIMEOUT UHM iframe failed to load within 30 seconds {timeElapsed: 33012, requestHeaderSize: 2815, url: https://www.autodesk.org/grants, scriptUrl: https://stg.app.ua.autodesk.com/universal-assistan…se&mcvisid=27742519245463969652933466995183962803, product: generic} @ https://app.digital-help-prd.autodesk.com/universal-help/current/uhm-prd.min.js:0
[   36599ms] [WARNING] The resource https://www.autodesk.org/content/promotions/data/en-US/promo.json was preloaded using link preload but not used within a few seconds from the window's load event. Please make sure it has an appropriate `as` value and it is preloaded intentionally. @ https://www.autodesk.org/grants:0
